<?xml version="1.0" encoding="utf-8"?><testsuites name="pytest tests"><testsuite name="pytest" errors="0" failures="0" skipped="0" tests="27" time="11.156" timestamp="2026-09-08T19:23:04.432686+00:00" hostname="agent-env-2fc66491-1557-46fa-8c1b-dec531e3d02e"><testcase classname="tests.backend_test.TestPublicContent" name="test_events_empty_or_list" time="0.199" /><testcase classname="tests.backend_test.TestPublicContent" name="test_team_public" time="0.252" /><testcase classname="tests.backend_test.TestPublicContent" name="test_galleries_public" time="0.364" /><testcase classname="tests.backend_test.TestPublicContent" name="test_home_stats" time="0.154" /><testcase classname="tests.backend_test.TestPublicContent" name="test_site_content_public" time="0.250" /><testcase classname="tests.backend_test.TestRegression" name="test_certificate_flow" time="2.865" /><testcase classname="tests.backend_test.TestPublicContent" name="test_only_two_super_admins_seeded" time="0.662" /><testcase classname="tests.backend_test.TestAuth" name="test_login_super" time="0.477" /><testcase classname="tests.backend_test.TestAuth" name="test_login_owner" time="0.500" /><testcase classname="tests.backend_test.TestRegression" name="test_gallery_crud" time="1.073" /><testcase classname="tests.backend_test.TestRegression" name="test_accounts" time="0.781" /><testcase classname="tests.backend_test.TestAuth" name="test_login_member_by_usn" time="1.439" /><testcase classname="tests.backend_test.TestAuth" name="test_login_wrong_password" time="0.419" /><testcase classname="tests.backend_test.TestRegression" name="test_files_upload_get" time="0.765" /><testcase classname="tests.backend_test.TestAuth" name="test_me" time="0.138" /><testcase classname="tests.backend_test.TestAccessControl" name="test_non_member_certificates_forbidden" time="0.625" /><testcase classname="tests.backend_test.TestAccessControl" name="test_member_can_access_certificates" time="0.167" /><testcase classname="tests.backend_test.TestRegression" name="test_payments_config_unconfigured" time="0.260" /><testcase classname="tests.backend_test.TestAccessControl" name="test_member_cannot_super_admin" time="0.146" /><testcase classname="tests.backend_test.TestRegression" name="test_super_admin_cannot_delete_self" time="0.287" /><testcase classname="tests.backend_test.TestSiteContent" name="test_update_and_get_site_content" time="0.789" /><testcase classname="tests.backend_test.TestRegression" name="test_audit_logs" time="0.180" /><testcase classname="tests.backend_test.TestAdminDesignation" name="test_create_admin_with_designation_and_perms" time="1.455" /><testcase classname="tests.backend_test.TestSiteContent" name="test_site_content_requires_admin" time="0.362" /><testcase classname="tests.backend_test.TestEventLifecycle" name="test_create_event_and_reg_and_scan" time="2.582" /><testcase classname="tests.backend_test.TestAdminDesignation" name="test_designations_various" time="1.940" /><testcase classname="tests.backend_test.TestTeam" name="test_team_crud" time="1.059" /></testsuite></testsuites>